# JRE version: OpenJDK Runtime Environment (8.0_76-b03) (build 1.8.0_76-release-b03)
# Java VM: OpenJDK 64-Bit Server VM (25.76-b03 mixed mode windows-amd64 compressed oops)
Heap:
 PSYoungGen      total 353280K, used 294158K [0x00000000e0000000, 0x00000000fb580000, 0x0000000100000000)
  eden space 301056K, 97% used [0x00000000e0000000,0x00000000f1f43960,0x00000000f2600000)
  from space 52224K, 0% used [0x00000000f6680000,0x00000000f6680000,0x00000000f9980000)
  to   space 66048K, 0% used [0x00000000f2600000,0x00000000f2600000,0x00000000f6680000)
 ParOldGen       total 98304K, used 89393K [0x00000000a0000000, 0x00000000a6000000, 0x00000000e0000000)
  object space 98304K, 90% used [0x00000000a0000000,0x00000000a574c550,0x00000000a6000000)
 Metaspace       used 69840K, capacity 71862K, committed 75184K, reserved 1114112K
  class space    used 8808K, capacity 9162K, committed 9904K, reserved 1048576K
GC Heap History (10 events):
Event: 3808.805 GC heap before
{Heap before GC invocations=22 (full 4):
 PSYoungGen      total 326144K, used 326133K [0x00000000e0000000, 0x00000000f9b80000, 0x0000000100000000)
  eden space 283136K, 100% used [0x00000000e0000000,0x00000000f1480000,0x00000000f1480000)
  from space 43008K, 99% used [0x00000000f1480000,0x00000000f3e7d738,0x00000000f3e80000)
  to   space 56832K, 0% used [0x00000000f6400000,0x00000000f6400000,0x00000000f9b80000)
 ParOldGen       total 98304K, used 72154K [0x00000000a0000000, 0x00000000a6000000, 0x00000000e0000000)
  object space 98304K, 73% used [0x00000000a0000000,0x00000000a46769b8,0x00000000a6000000)
 Metaspace       used 71802K, capacity 74656K, committed 74928K, reserved 1114112K
  class space    used 9212K, capacity 9807K, committed 9904K, reserved 1048576K
Event: 3808.884 GC heap after
Heap after GC invocations=22 (full 4):
 PSYoungGen      total 337920K, used 22823K [0x00000000e0000000, 0x00000000f8b00000, 0x0000000100000000)
  eden space 297984K, 0% used [0x00000000e0000000,0x00000000e0000000,0x00000000f2300000)
  from space 39936K, 57% used [0x00000000f6400000,0x00000000f7a49d70,0x00000000f8b00000)
  to   space 53248K, 0% used [0x00000000f2300000,0x00000000f2300000,0x00000000f5700000)
 ParOldGen       total 98304K, used 80877K [0x00000000a0000000, 0x00000000a6000000, 0x00000000e0000000)
  object space 98304K, 82% used [0x00000000a0000000,0x00000000a4efb420,0x00000000a6000000)
 Metaspace       used 71802K, capacity 74656K, committed 74928K, reserved 1114112K
  class space    used 9212K, capacity 9807K, committed 9904K, reserved 1048576K
}
Event: 3810.701 GC heap before
{Heap before GC invocations=23 (full 4):
 PSYoungGen      total 337920K, used 320807K [0x00000000e0000000, 0x00000000f8b00000, 0x0000000100000000)
  eden space 297984K, 100% used [0x00000000e0000000,0x00000000f2300000,0x00000000f2300000)
  from space 39936K, 57% used [0x00000000f6400000,0x00000000f7a49d70,0x00000000f8b00000)
  to   space 53248K, 0% used [0x00000000f2300000,0x00000000f2300000,0x00000000f5700000)
 ParOldGen       total 98304K, used 80877K [0x00000000a0000000, 0x00000000a6000000, 0x00000000e0000000)
  object space 98304K, 82% used [0x00000000a0000000,0x00000000a4efb420,0x00000000a6000000)
 Metaspace       used 71829K, capacity 74720K, committed 74928K, reserved 1114112K
  class space    used 9212K, capacity 9807K, committed 9904K, reserved 1048576K
Event: 3810.771 GC heap after
Heap after GC invocations=23 (full 4):
 PSYoungGen      total 351232K, used 28372K [0x00000000e0000000, 0x00000000f9980000, 0x0000000100000000)
  eden space 297984K, 0% used [0x00000000e0000000,0x00000000e0000000,0x00000000f2300000)
  from space 53248K, 53% used [0x00000000f2300000,0x00000000f3eb50f8,0x00000000f5700000)
  to   space 52224K, 0% used [0x00000000f6680000,0x00000000f6680000,0x00000000f9980000)
 ParOldGen       total 98304K, used 80877K [0x00000000a0000000, 0x00000000a6000000, 0x00000000e0000000)
  object space 98304K, 82% used [0x00000000a0000000,0x00000000a4efb420,0x00000000a6000000)
 Metaspace       used 71829K, capacity 74720K, committed 74928K, reserved 1114112K
  class space    used 9212K, capacity 9807K, committed 9904K, reserved 1048576K
}
Event: 3814.326 GC heap before
{Heap before GC invocations=24 (full 4):
 PSYoungGen      total 351232K, used 326356K [0x00000000e0000000, 0x00000000f9980000, 0x0000000100000000)
  eden space 297984K, 100% used [0x00000000e0000000,0x00000000f2300000,0x00000000f2300000)
  from space 53248K, 53% used [0x00000000f2300000,0x00000000f3eb50f8,0x00000000f5700000)
  to   space 52224K, 0% used [0x00000000f6680000,0x00000000f6680000,0x00000000f9980000)
 ParOldGen       total 98304K, used 80877K [0x00000000a0000000, 0x00000000a6000000, 0x00000000e0000000)
  object space 98304K, 82% used [0x00000000a0000000,0x00000000a4efb420,0x00000000a6000000)
 Metaspace       used 71845K, capacity 74784K, committed 75184K, reserved 1114112K
  class space    used 9212K, capacity 9807K, committed 9904K, reserved 1048576K
Event: 3814.469 GC heap after
Heap after GC invocations=24 (full 4):
 PSYoungGen      total 353280K, used 52206K [0x00000000e0000000, 0x00000000fb580000, 0x0000000100000000)
  eden space 301056K, 0% used [0x00000000e0000000,0x00000000e0000000,0x00000000f2600000)
  from space 52224K, 99% used [0x00000000f6680000,0x00000000f997bba0,0x00000000f9980000)
  to   space 66048K, 0% used [0x00000000f2600000,0x00000000f2600000,0x00000000f6680000)
 ParOldGen       total 98304K, used 97156K [0x00000000a0000000, 0x00000000a6000000, 0x00000000e0000000)
  object space 98304K, 98% used [0x00000000a0000000,0x00000000a5ee1330,0x00000000a6000000)
 Metaspace       used 71845K, capacity 74784K, committed 75184K, reserved 1114112K
  class space    used 9212K, capacity 9807K, committed 9904K, reserved 1048576K
}
Event: 3814.469 GC heap before
{Heap before GC invocations=25 (full 5):
 PSYoungGen      total 353280K, used 52206K [0x00000000e0000000, 0x00000000fb580000, 0x0000000100000000)
  eden space 301056K, 0% used [0x00000000e0000000,0x00000000e0000000,0x00000000f2600000)
  from space 52224K, 99% used [0x00000000f6680000,0x00000000f997bba0,0x00000000f9980000)
  to   space 66048K, 0% used [0x00000000f2600000,0x00000000f2600000,0x00000000f6680000)
 ParOldGen       total 98304K, used 97156K [0x00000000a0000000, 0x00000000a6000000, 0x00000000e0000000)
  object space 98304K, 98% used [0x00000000a0000000,0x00000000a5ee1330,0x00000000a6000000)
 Metaspace       used 71845K, capacity 74784K, committed 75184K, reserved 1114112K
  class space    used 9212K, capacity 9807K, committed 9904K, reserved 1048576K
Event: 3815.775 GC heap after
Heap after GC invocations=25 (full 5):
 PSYoungGen      total 353280K, used 7092K [0x00000000e0000000, 0x00000000fb580000, 0x0000000100000000)
  eden space 301056K, 0% used [0x00000000e0000000,0x00000000e0000000,0x00000000f2600000)
  from space 52224K, 13% used [0x00000000f6680000,0x00000000f6d6d2d0,0x00000000f9980000)
  to   space 66048K, 0% used [0x00000000f2600000,0x00000000f2600000,0x00000000f6680000)
 ParOldGen       total 98304K, used 97928K [0x00000000a0000000, 0x00000000a6000000, 0x00000000e0000000)
  object space 98304K, 99% used [0x00000000a0000000,0x00000000a5fa21b8,0x00000000a6000000)
 Metaspace       used 69825K, capacity 71862K, committed 75184K, reserved 1114112K
  class space    used 8808K, capacity 9162K, committed 9904K, reserved 1048576K
}
Event: 3817.240 GC heap before
{Heap before GC invocations=26 (full 6):
 PSYoungGen      total 353280K, used 308148K [0x00000000e0000000, 0x00000000fb580000, 0x0000000100000000)
  eden space 301056K, 100% used [0x00000000e0000000,0x00000000f2600000,0x00000000f2600000)
  from space 52224K, 13% used [0x00000000f6680000,0x00000000f6d6d2d0,0x00000000f9980000)
  to   space 66048K, 0% used [0x00000000f2600000,0x00000000f2600000,0x00000000f6680000)
 ParOldGen       total 98304K, used 97928K [0x00000000a0000000, 0x00000000a6000000, 0x00000000e0000000)
  object space 98304K, 99% used [0x00000000a0000000,0x00000000a5fa21b8,0x00000000a6000000)
 Metaspace       used 69830K, capacity 71862K, committed 75184K, reserved 1114112K
  class space    used 8808K, capacity 9162K, committed 9904K, reserved 1048576K
Event: 3817.747 GC heap after
Heap after GC invocations=26 (full 6):
 PSYoungGen      total 353280K, used 0K [0x00000000e0000000, 0x00000000fb580000, 0x0000000100000000)
  eden space 301056K, 0% used [0x00000000e0000000,0x00000000e0000000,0x00000000f2600000)
  from space 52224K, 0% used [0x00000000f6680000,0x00000000f6680000,0x00000000f9980000)
  to   space 66048K, 0% used [0x00000000f2600000,0x00000000f2600000,0x00000000f6680000)
 ParOldGen       total 98304K, used 89393K [0x00000000a0000000, 0x00000000a6000000, 0x00000000e0000000)
  object space 98304K, 90% used [0x00000000a0000000,0x00000000a574c550,0x00000000a6000000)
 Metaspace       used 69830K, capacity 71862K, committed 75184K, reserved 1114112K
  class space    used 8808K, capacity 9162K, committed 9904K, reserved 1048576K
}

