# JRE version: OpenJDK Runtime Environment (8.0_76-b03) (build 1.8.0_76-release-b03)
# Java VM: OpenJDK 64-Bit Server VM (25.76-b03 mixed mode windows-amd64 compressed oops)
Heap:
 PSYoungGen      total 264192K, used 138276K [0x00000000e0000000, 0x00000000f8000000, 0x0000000100000000)
  eden space 242688K, 50% used [0x00000000e0000000,0x00000000e78750c8,0x00000000eed00000)
  from space 21504K, 69% used [0x00000000eed00000,0x00000000efb940e8,0x00000000f0200000)
  to   space 22016K, 0% used [0x00000000f6a80000,0x00000000f6a80000,0x00000000f8000000)
 ParOldGen       total 96768K, used 34296K [0x00000000a0000000, 0x00000000a5e80000, 0x00000000e0000000)
  object space 96768K, 35% used [0x00000000a0000000,0x00000000a217e3c0,0x00000000a5e80000)
 Metaspace       used 59361K, capacity 60950K, committed 61184K, reserved 1101824K
  class space    used 7711K, capacity 8085K, committed 8192K, reserved 1048576K
GC Heap History (10 events):
Event: 12.936 GC heap before
{Heap before GC invocations=8 (full 2):
 PSYoungGen      total 176128K, used 10638K [0x00000000e0000000, 0x00000000ee200000, 0x0000000100000000)
  eden space 164352K, 0% used [0x00000000e0000000,0x00000000e0000000,0x00000000ea080000)
  from space 11776K, 90% used [0x00000000ead00000,0x00000000eb763ba0,0x00000000eb880000)
  to   space 12800K, 0% used [0x00000000ea080000,0x00000000ea080000,0x00000000ead00000)
 ParOldGen       total 69632K, used 17422K [0x00000000a0000000, 0x00000000a4400000, 0x00000000e0000000)
  object space 69632K, 25% used [0x00000000a0000000,0x00000000a11039d0,0x00000000a4400000)
 Metaspace       used 34608K, capacity 35224K, committed 35496K, reserved 1079296K
  class space    used 4626K, capacity 4817K, committed 4864K, reserved 1048576K
Event: 13.067 GC heap after
Heap after GC invocations=8 (full 2):
 PSYoungGen      total 176128K, used 0K [0x00000000e0000000, 0x00000000ee200000, 0x0000000100000000)
  eden space 164352K, 0% used [0x00000000e0000000,0x00000000e0000000,0x00000000ea080000)
  from space 11776K, 0% used [0x00000000ead00000,0x00000000ead00000,0x00000000eb880000)
  to   space 12800K, 0% used [0x00000000ea080000,0x00000000ea080000,0x00000000ead00000)
 ParOldGen       total 96768K, used 17534K [0x00000000a0000000, 0x00000000a5e80000, 0x00000000e0000000)
  object space 96768K, 18% used [0x00000000a0000000,0x00000000a111f9c0,0x00000000a5e80000)
 Metaspace       used 34608K, capacity 35224K, committed 35496K, reserved 1079296K
  class space    used 4626K, capacity 4817K, committed 4864K, reserved 1048576K
}
Event: 16.357 GC heap before
{Heap before GC invocations=9 (full 2):
 PSYoungGen      total 176128K, used 164352K [0x00000000e0000000, 0x00000000ee200000, 0x0000000100000000)
  eden space 164352K, 100% used [0x00000000e0000000,0x00000000ea080000,0x00000000ea080000)
  from space 11776K, 0% used [0x00000000ead00000,0x00000000ead00000,0x00000000eb880000)
  to   space 12800K, 0% used [0x00000000ea080000,0x00000000ea080000,0x00000000ead00000)
 ParOldGen       total 96768K, used 17534K [0x00000000a0000000, 0x00000000a5e80000, 0x00000000e0000000)
  object space 96768K, 18% used [0x00000000a0000000,0x00000000a111f9c0,0x00000000a5e80000)
 Metaspace       used 45377K, capacity 46464K, committed 46592K, reserved 1089536K
  class space    used 6106K, capacity 6360K, committed 6400K, reserved 1048576K
Event: 16.376 GC heap after
Heap after GC invocations=9 (full 2):
 PSYoungGen      total 177152K, used 12790K [0x00000000e0000000, 0x00000000f1180000, 0x0000000100000000)
  eden space 164352K, 0% used [0x00000000e0000000,0x00000000e0000000,0x00000000ea080000)
  from space 12800K, 99% used [0x00000000ea080000,0x00000000eacfd8a0,0x00000000ead00000)
  to   space 15872K, 0% used [0x00000000f0200000,0x00000000f0200000,0x00000000f1180000)
 ParOldGen       total 96768K, used 20808K [0x00000000a0000000, 0x00000000a5e80000, 0x00000000e0000000)
  object space 96768K, 21% used [0x00000000a0000000,0x00000000a1452328,0x00000000a5e80000)
 Metaspace       used 45377K, capacity 46464K, committed 46592K, reserved 1089536K
  class space    used 6106K, capacity 6360K, committed 6400K, reserved 1048576K
}
Event: 31.734 GC heap before
{Heap before GC invocations=10 (full 2):
 PSYoungGen      total 177152K, used 168743K [0x00000000e0000000, 0x00000000f1180000, 0x0000000100000000)
  eden space 164352K, 94% used [0x00000000e0000000,0x00000000e984c6c0,0x00000000ea080000)
  from space 12800K, 99% used [0x00000000ea080000,0x00000000eacfd8a0,0x00000000ead00000)
  to   space 15872K, 0% used [0x00000000f0200000,0x00000000f0200000,0x00000000f1180000)
 ParOldGen       total 96768K, used 20808K [0x00000000a0000000, 0x00000000a5e80000, 0x00000000e0000000)
  object space 96768K, 21% used [0x00000000a0000000,0x00000000a1452328,0x00000000a5e80000)
 Metaspace       used 56291K, capacity 57612K, committed 57728K, reserved 1099776K
  class space    used 7444K, capacity 7754K, committed 7808K, reserved 1048576K
Event: 31.803 GC heap after
Heap after GC invocations=10 (full 2):
 PSYoungGen      total 258560K, used 15851K [0x00000000e0000000, 0x00000000f1c80000, 0x0000000100000000)
  eden space 242688K, 0% used [0x00000000e0000000,0x00000000e0000000,0x00000000eed00000)
  from space 15872K, 99% used [0x00000000f0200000,0x00000000f117ae48,0x00000000f1180000)
  to   space 21504K, 0% used [0x00000000eed00000,0x00000000eed00000,0x00000000f0200000)
 ParOldGen       total 96768K, used 28481K [0x00000000a0000000, 0x00000000a5e80000, 0x00000000e0000000)
  object space 96768K, 29% used [0x00000000a0000000,0x00000000a1bd04c8,0x00000000a5e80000)
 Metaspace       used 56291K, capacity 57612K, committed 57728K, reserved 1099776K
  class space    used 7444K, capacity 7754K, committed 7808K, reserved 1048576K
}
Event: 31.803 GC heap before
{Heap before GC invocations=11 (full 3):
 PSYoungGen      total 258560K, used 15851K [0x00000000e0000000, 0x00000000f1c80000, 0x0000000100000000)
  eden space 242688K, 0% used [0x00000000e0000000,0x00000000e0000000,0x00000000eed00000)
  from space 15872K, 99% used [0x00000000f0200000,0x00000000f117ae48,0x00000000f1180000)
  to   space 21504K, 0% used [0x00000000eed00000,0x00000000eed00000,0x00000000f0200000)
 ParOldGen       total 96768K, used 28481K [0x00000000a0000000, 0x00000000a5e80000, 0x00000000e0000000)
  object space 96768K, 29% used [0x00000000a0000000,0x00000000a1bd04c8,0x00000000a5e80000)
 Metaspace       used 56291K, capacity 57612K, committed 57728K, reserved 1099776K
  class space    used 7444K, capacity 7754K, committed 7808K, reserved 1048576K
Event: 32.043 GC heap after
Heap after GC invocations=11 (full 3):
 PSYoungGen      total 258560K, used 0K [0x00000000e0000000, 0x00000000f1c80000, 0x0000000100000000)
  eden space 242688K, 0% used [0x00000000e0000000,0x00000000e0000000,0x00000000eed00000)
  from space 15872K, 0% used [0x00000000f0200000,0x00000000f0200000,0x00000000f1180000)
  to   space 21504K, 0% used [0x00000000eed00000,0x00000000eed00000,0x00000000f0200000)
 ParOldGen       total 96768K, used 34296K [0x00000000a0000000, 0x00000000a5e80000, 0x00000000e0000000)
  object space 96768K, 35% used [0x00000000a0000000,0x00000000a217e3c0,0x00000000a5e80000)
 Metaspace       used 56291K, capacity 57612K, committed 57728K, reserved 1099776K
  class space    used 7444K, capacity 7754K, committed 7808K, reserved 1048576K
}
Event: 4582.426 GC heap before
{Heap before GC invocations=12 (full 3):
 PSYoungGen      total 258560K, used 242688K [0x00000000e0000000, 0x00000000f1c80000, 0x0000000100000000)
  eden space 242688K, 100% used [0x00000000e0000000,0x00000000eed00000,0x00000000eed00000)
  from space 15872K, 0% used [0x00000000f0200000,0x00000000f0200000,0x00000000f1180000)
  to   space 21504K, 0% used [0x00000000eed00000,0x00000000eed00000,0x00000000f0200000)
 ParOldGen       total 96768K, used 34296K [0x00000000a0000000, 0x00000000a5e80000, 0x00000000e0000000)
  object space 96768K, 35% used [0x00000000a0000000,0x00000000a217e3c0,0x00000000a5e80000)
 Metaspace       used 58848K, capacity 60416K, committed 60544K, reserved 1101824K
  class space    used 7674K, capacity 8044K, committed 8064K, reserved 1048576K
Event: 4582.506 GC heap after
Heap after GC invocations=12 (full 3):
 PSYoungGen      total 264192K, used 14928K [0x00000000e0000000, 0x00000000f8000000, 0x0000000100000000)
  eden space 242688K, 0% used [0x00000000e0000000,0x00000000e0000000,0x00000000eed00000)
  from space 21504K, 69% used [0x00000000eed00000,0x00000000efb940e8,0x00000000f0200000)
  to   space 22016K, 0% used [0x00000000f6a80000,0x00000000f6a80000,0x00000000f8000000)
 ParOldGen       total 96768K, used 34296K [0x00000000a0000000, 0x00000000a5e80000, 0x00000000e0000000)
  object space 96768K, 35% used [0x00000000a0000000,0x00000000a217e3c0,0x00000000a5e80000)
 Metaspace       used 58848K, capacity 60416K, committed 60544K, reserved 1101824K
  class space    used 7674K, capacity 8044K, committed 8064K, reserved 1048576K
}

